<?xml version="1.0" encoding="UTF-8"?>
<!-- Generated by org.testng.reporters.JUnitReportReporter -->
<testsuite hostname="DESKTOP-NSKERIB" failures="0" tests="1" name="testscripts.TeamCreation" time="14.175" errors="0" timestamp="2025-06-20T11:42:55 IST" skipped="0">
  <testcase classname="testscripts.TeamCreation" name="teamCreationTest" time="14.175"/>
  <system-out/>
</testsuite> <!-- testscripts.TeamCreation -->
