<?xml version="1.0" encoding="UTF-8"?>
<!-- Generated by org.testng.reporters.JUnitReportReporter -->
<testsuite hostname="DESKTOP-NSKERIB" failures="0" tests="1" name="testscripts.LoginToAgentCreate" time="16.492" errors="0" timestamp="2025-06-17T16:45:28 IST" skipped="0">
  <testcase classname="testscripts.LoginToAgentCreate" name="agentCraetionAndView" time="16.492"/>
  <system-out/>
</testsuite> <!-- testscripts.LoginToAgentCreate -->
