<?xml version="1.0" encoding="UTF-8"?>
<!-- Generated by org.testng.reporters.JUnitReportReporter -->
<testsuite hostname="DESKTOP-NSKERIB" failures="0" tests="1" name="testscripts.LoginToInteract" time="8.264" errors="0" timestamp="2025-06-17T14:52:51 IST" skipped="0">
  <testcase classname="testscripts.LoginToInteract" name="siaLogin" time="8.264"/>
  <system-out/>
</testsuite> <!-- testscripts.LoginToInteract -->
