<?xml version="1.0" encoding="UTF-8"?>
<!-- Generated by org.testng.reporters.JUnitReportReporter -->
<testsuite hostname="DESKTOP-NSKERIB" failures="0" tests="1" name="testscripts.AgentCreation" time="25.525" errors="0" timestamp="2025-06-23T14:31:10 IST" skipped="0">
  <testcase classname="testscripts.AgentCreation" name="agentCraetionAndView" time="25.525"/>
  <system-out/>
</testsuite> <!-- testscripts.AgentCreation -->
