<?xml version="1.0" encoding="UTF-8"?>
<!-- Generated by org.testng.reporters.JUnitReportReporter -->
<testsuite hostname="DESKTOP-NSKERIB" failures="0" tests="1" name="testscripts.LoginHomeLogout" time="7.117" errors="0" timestamp="2025-06-11T16:54:21 IST" skipped="0">
  <testcase classname="testscripts.LoginHomeLogout" name="loginToLogoutTest" time="7.117"/>
  <system-out/>
</testsuite> <!-- testscripts.LoginHomeLogout -->
